#
# A fatal error has been detected by the Java Runtime Environment:
#
#  Internal Error (javaClasses.cpp:124), pid=63176, tid=125728
#  fatal error: Invalid layout of preloaded class
#
# JRE version:  (8.0_05-b13) (build )
# Java VM: Java HotSpot(TM) 64-Bit Server VM (25.5-b02 mixed mode windows-amd64 compressed oops)
# Failed to write core dump. Minidumps are not enabled by default on client versions of Windows
#
# If you would like to submit a bug report, please visit:
#   http://bugreport.sun.com/bugreport/crash.jsp
#

---------------  T H R E A D  ---------------

Current thread (0x0000000002830800):  JavaThread "Unknown thread" [_thread_in_vm, id=125728, stack(0x0000000002450000,0x0000000002550000)]

Stack: [0x0000000002450000,0x0000000002550000]
Native frames: (J=compiled Java code, j=interpreted, Vv=VM code, C=native code)
V  [jvm.dll+0x308dea]
V  [jvm.dll+0x25def1]
V  [jvm.dll+0x25eb0f]
V  [jvm.dll+0x256466]
V  [jvm.dll+0x5d33c]
V  [jvm.dll+0x5d433]
V  [jvm.dll+0x71d2a]
V  [jvm.dll+0x72088]
V  [jvm.dll+0xe1607]
V  [jvm.dll+0xe1996]
V  [jvm.dll+0x1f13e7]
V  [jvm.dll+0x2227c4]
V  [jvm.dll+0x149f71]
C  [javaw.exe+0x208a]
C  [javaw.exe+0xc9db]
C  [javaw.exe+0xca6f]
C  [KERNEL32.DLL+0x1842]
C  [ntdll.dll+0x57509]


---------------  P R O C E S S  ---------------

Java Threads: ( => current thread )

Other Threads:

=>0x0000000002830800 (exited) JavaThread "Unknown thread" [_thread_in_vm, id=125728, stack(0x0000000002450000,0x0000000002550000)]

VM state:not at safepoint (not fully initialized)

VM Mutex/Monitor currently owned by a thread: None

GC Heap History (0 events):
No events

Deoptimization events (0 events):
No events

Internal exceptions (0 events):
No events

Events (10 events):
Event: 0.010 loading class java/lang/CharSequence done
Event: 0.010 loading class java/lang/String done
Event: 0.010 loading class java/lang/Class
Event: 0.010 loading class java/lang/reflect/AnnotatedElement
Event: 0.010 loading class java/lang/reflect/AnnotatedElement done
Event: 0.010 loading class java/lang/reflect/GenericDeclaration
Event: 0.010 loading class java/lang/reflect/GenericDeclaration done
Event: 0.010 loading class java/lang/reflect/Type
Event: 0.010 loading class java/lang/reflect/Type done
Event: 0.011 loading class java/lang/Class done


Dynamic libraries:
0x000007f69f130000 - 0x000007f69f164000 	C:\Program Files\Java\jre8\bin\javaw.exe
0x000007f911d80000 - 0x000007f911f3e000 	C:\Windows\SYSTEM32\ntdll.dll
0x000007f910310000 - 0x000007f910447000 	C:\Windows\system32\KERNEL32.DLL
0x000007f90ed50000 - 0x000007f90ee44000 	C:\Windows\system32\KERNELBASE.dll
0x000007f910450000 - 0x000007f91052e000 	C:\Windows\system32\ADVAPI32.dll
0x000007f911810000 - 0x000007f91195c000 	C:\Windows\system32\USER32.dll
0x000007f90b800000 - 0x000007f90ba6a000 	C:\Windows\WinSxS\amd64_microsoft.windows.common-controls_6595b64144ccf1df_6.0.9200.16579_none_418ab7ef718b27ef\COMCTL32.dll
0x000007f90f960000 - 0x000007f90fa05000 	C:\Windows\system32\msvcrt.dll
0x000007f90fc20000 - 0x000007f90fc68000 	C:\Windows\SYSTEM32\sechost.dll
0x000007f9101c0000 - 0x000007f910305000 	C:\Windows\system32\RPCRT4.dll
0x000007f911960000 - 0x000007f911aa1000 	C:\Windows\system32\GDI32.dll
0x000007f90fc70000 - 0x000007f90fca9000 	C:\Windows\system32\IMM32.DLL
0x000007f90f790000 - 0x000007f90f8a6000 	C:\Windows\system32\MSCTF.dll
0x0000000076f00000 - 0x0000000076fd2000 	C:\Program Files\Java\jre8\bin\msvcr100.dll
0x00000000766d0000 - 0x0000000076efa000 	C:\Program Files\Java\jre8\bin\server\jvm.dll
0x000007f907f10000 - 0x000007f907f19000 	C:\Windows\SYSTEM32\WSOCK32.dll
0x000007f905e60000 - 0x000007f905e80000 	C:\Windows\SYSTEM32\WINMM.dll
0x000007f90f780000 - 0x000007f90f787000 	C:\Windows\system32\PSAPI.DLL
0x000007f911b10000 - 0x000007f911b68000 	C:\Windows\system32\WS2_32.dll
0x000007f905e10000 - 0x000007f905e43000 	C:\Windows\SYSTEM32\WINMMBASE.dll
0x000007f90fb70000 - 0x000007f90fb79000 	C:\Windows\system32\NSI.dll
0x000007f90ed00000 - 0x000007f90ed4f000 	C:\Windows\SYSTEM32\cfgmgr32.dll
0x000007f90f140000 - 0x000007f90f162000 	C:\Windows\system32\DEVOBJ.dll
0x0000000050070000 - 0x000000005007f000 	C:\Program Files\Java\jre8\bin\verify.dll
0x0000000050040000 - 0x0000000050068000 	C:\Program Files\Java\jre8\bin\java.dll
0x0000000050020000 - 0x0000000050036000 	C:\Program Files\Java\jre8\bin\zip.dll
0x000007f8ff1c0000 - 0x000007f8ff323000 	C:\Windows\SYSTEM32\dbghelp.dll

VM Arguments:
jvm_args: -Dfile.encoding=Cp1252 -Xbootclasspath:C:\Users\laptop\AppData\Local\Android\android-sdk\platforms\android-19\android.jar 
java_command: com.yrs.emergencie.test.Test
java_class_path (initial): C:\Users\laptop\Documents\YRS\Emergencie_Git\Emergencie\App\Emergencie\bin\classes;C:\Users\laptop\Documents\YRS\Emergencie_Git\Emergencie\App\Emergencie\libs\android-support-v4.jar
Launcher Type: SUN_STANDARD

Environment Variables:
PATH=C:\Program Files (x86)\Python2.7;C:\Program Files (x86)\Intel\iCLS Client\;C:\Program Files\Intel\iCLS Client\;C:\Windows\system32;C:\Windows;C:\Windows\System32\Wbem;C:\Windows\System32\WindowsPowerShell\v1.0\;C:\Program Files (x86)\EgisTec MyWinLocker\x64;C:\Program Files (x86)\EgisTec MyWinLocker\;C:\Program Files (x86)\Intel\OpenCL SDK\2.0\bin\x86;C:\Program Files (x86)\Intel\OpenCL SDK\2.0\bin\x64;C:\Program Files\Intel\Intel(R) Management Engine Components\DAL;C:\Program Files\Intel\Intel(R) Management Engine Components\IPT;C:\Program Files (x86)\Intel\Intel(R) Management Engine Components\DAL;C:\Program Files (x86)\Intel\Intel(R) Management Engine Components\IPT;C:\Program Files (x86)\IVI Foundation\VISA\WinNT\Bin;C:\Ruby193\bin;C:\Program Files (x86)\Ruby193\bin
USERNAME=laptop
OS=Windows_NT
PROCESSOR_IDENTIFIER=Intel64 Family 6 Model 58 Stepping 9, GenuineIntel



---------------  S Y S T E M  ---------------

OS: Windows 8 , 64 bit Build 9200 

CPU:total 4 (2 cores per cpu, 2 threads per core) family 6 model 58 stepping 9, cmov, cx8, fxsr, mmx, sse, sse2, sse3, ssse3, sse4.1, sse4.2, popcnt, avx, clmul, erms, ht, tsc, tscinvbit

Memory: 4k page, physical 8179296k(5140820k free), swap 33345120k(28356508k free)

vm_info: Java HotSpot(TM) 64-Bit Server VM (25.5-b02) for windows-amd64 JRE (1.8.0_05-b13), built on Mar 18 2014 01:08:39 by "java_re" with MS VC++ 10.0 (VS2010)

time: Tue Jul 29 08:40:57 2014
elapsed time: 0 seconds

